Build started 26/02/2016 13:35:12.
     1>Project "D:\Navneeth\SEM_2\CS7033\Lab 3\Animation\Animation\Animation\Animation.vcxproj" on node 2 (Build target(s)).
     1>ClCompile:
         C:\Program Files (x86)\Microsoft Visual Studio 11.0\VC\bin\CL.exe /c /I..\Dependancies\AntTweakBar\include /I"..\Dependancies\ImageMagick-6" /I..\Dependancies\assimp\include /I..\Dependancies\glm /I"..\Dependancies\glfw-3.0.4.bin.WIN32\include" /I"..\Dependancies\glew-1.11.0\include" /I..\Dependancies\soil\src /Zi /nologo /W3 /WX- /sdl /O2 /Oi /Oy- /GL /D WIN32 /D NDEBUG /D _CONSOLE /D _UNICODE /D UNICODE /D _CRT_SECURE_NO_WARNINGS /Gm- /EHsc /MD /GS /Gy /fp:precise /Zc:wchar_t /Zc:forScope /Fo"Release\\" /Fd"Release\vc110.pdb" /Gd /TP /analyze- /errorReport:prompt ArmSkeleton.cpp Setup.cpp
         ArmSkeleton.cpp
     1>d:\navneeth\sem_2\cs7033\lab 3\animation\animation\animation\Cylinder.h(33): warning C4018: '<' : signed/unsigned mismatch
     1>d:\navneeth\sem_2\cs7033\lab 3\animation\animation\animation\Cylinder.h(45): warning C4018: '<' : signed/unsigned mismatch
     1>d:\navneeth\sem_2\cs7033\lab 3\animation\animation\animation\Cylinder.h(55): warning C4018: '<' : signed/unsigned mismatch
     1>ArmSkeleton.cpp(178): warning C4305: 'argument' : truncation from 'double' to 'const float'
     1>ArmSkeleton.cpp(180): warning C4305: 'argument' : truncation from 'double' to 'const float'
     1>ArmSkeleton.cpp(182): warning C4305: 'argument' : truncation from 'double' to 'const float'
     1>ArmSkeleton.cpp(186): warning C4305: 'argument' : truncation from 'double' to 'const float'
     1>ArmSkeleton.cpp(188): warning C4305: 'argument' : truncation from 'double' to 'const float'
     1>ArmSkeleton.cpp(190): warning C4305: 'argument' : truncation from 'double' to 'const float'
     1>ArmSkeleton.cpp(194): warning C4305: 'argument' : truncation from 'double' to 'const float'
     1>ArmSkeleton.cpp(196): warning C4305: 'argument' : truncation from 'double' to 'const float'
     1>ArmSkeleton.cpp(198): warning C4305: 'argument' : truncation from 'double' to 'const float'
     1>ArmSkeleton.cpp(202): warning C4305: 'argument' : truncation from 'double' to 'const float'
     1>ArmSkeleton.cpp(204): warning C4305: 'argument' : truncation from 'double' to 'const float'
     1>ArmSkeleton.cpp(206): warning C4305: 'argument' : truncation from 'double' to 'const float'
     1>ArmSkeleton.cpp(210): warning C4305: 'argument' : truncation from 'double' to 'const float'
     1>ArmSkeleton.cpp(212): warning C4305: 'argument' : truncation from 'double' to 'const float'
     1>ArmSkeleton.cpp(214): warning C4305: 'argument' : truncation from 'double' to 'const float'
     1>ArmSkeleton.cpp(238): warning C4305: '+=' : truncation from 'double' to 'float'
     1>ArmSkeleton.cpp(243): warning C4305: '-=' : truncation from 'double' to 'float'
     1>ArmSkeleton.cpp(248): warning C4305: '+=' : truncation from 'double' to 'float'
     1>ArmSkeleton.cpp(253): warning C4305: '-=' : truncation from 'double' to 'float'
     1>ArmSkeleton.cpp(258): warning C4305: '-=' : truncation from 'double' to 'float'
     1>ArmSkeleton.cpp(263): warning C4305: '+=' : truncation from 'double' to 'float'
     1>ArmSkeleton.cpp(266): warning C4305: '+=' : truncation from 'double' to 'float'
         GLM: rotate function taking degrees as a parameter is deprecated. #define GLM_FORCE_RADIANS before including GLM headers to remove this message.
         GLM: angleAxis function taking degrees as a parameter is deprecated. #define GLM_FORCE_RADIANS before including GLM headers to remove this message.
         GLM: pitch function returning degrees is deprecated. #define GLM_FORCE_RADIANS before including GLM headers to remove this message.
         GLM: yaw function returning degrees is deprecated. #define GLM_FORCE_RADIANS before including GLM headers to remove this message.
         GLM: roll function returning degrees is deprecated. #define GLM_FORCE_RADIANS before including GLM headers to remove this message.
         Setup.cpp
       Link:
         C:\Program Files (x86)\Microsoft Visual Studio 11.0\VC\bin\link.exe /ERRORREPORT:PROMPT /OUT:"D:\Navneeth\SEM_2\CS7033\Lab 3\Animation\Animation\Release\Animation.exe" /INCREMENTAL:NO /NOLOGO /LIBPATH:..\Dependancies\AntTweakBar\lib /LIBPATH:"..\Dependancies\ImageMagick-6\lib" /LIBPATH:..\Dependancies\assimp\lib /LIBPATH:"..\Dependancies\glfw-3.0.4.bin.WIN32\lib-msvc110" /LIBPATH:"..\Dependancies\glew-1.11.0\lib\Release\Win32" /LIBPATH:..\Dependancies\soil\lib glew32.lib glfw3.lib opengl32.lib assimp.lib CORE_RL_Magick++_.lib SOIL.lib soil2.lib AntTweakBar.lib kernel32.lib user32.lib gdi32.lib winspool.lib comdlg32.lib advapi32.lib shell32.lib ole32.lib oleaut32.lib uuid.lib odbc32.lib odbccp32.lib /MANIFEST /MANIFESTUAC:"level='asInvoker' uiAccess='false'" /manifest:embed /DEBUG /PDB:"D:\Navneeth\SEM_2\CS7033\Lab 3\Animation\Animation\Release\Animation.pdb" /SUBSYSTEM:CONSOLE /OPT:REF /OPT:ICF /LTCG /TLBID:1 /DYNAMICBASE /NXCOMPAT /IMPLIB:"D:\Navneeth\SEM_2\CS7033\Lab 3\Animation\Animation\Release\Animation.lib" /MACHINE:X86 /SAFESEH Release\ArmSkeleton.obj
         Release\Bone.obj
         Release\Camera.obj
         Release\Lab3.obj
         Release\main.obj
         Release\maths_funcs.obj
         Release\math_3d.obj
         Release\ObjectBuffer.obj
         Release\Setup.obj
         Release\Shader.obj
         Generating code
         Finished generating code
         Animation.vcxproj -> D:\Navneeth\SEM_2\CS7033\Lab 3\Animation\Animation\Release\Animation.exe
     1>Done Building Project "D:\Navneeth\SEM_2\CS7033\Lab 3\Animation\Animation\Animation\Animation.vcxproj" (Build target(s)).

Build succeeded.

Time Elapsed 00:00:04.09
